<?xml version="1.0" encoding="UTF-8"?>
<testng-results skipped="0" failed="0" ignored="0" total="1" passed="1">
  <reporter-output>
  </reporter-output>
  <suite name="All Test Suite" duration-ms="4891" started-at="2023-01-02T19:46:16 GMT" finished-at="2023-01-02T19:46:21 GMT">
    <groups>
    </groups>
    <test name="C:/RestAssuredDec2022" duration-ms="4891" started-at="2023-01-02T19:46:16 GMT" finished-at="2023-01-02T19:46:21 GMT">
      <class name="com.ApiFrameWork.Restassured.Assignment">
        <test-method status="PASS" signature="assignmentTest()[pri:0, instance:com.ApiFrameWork.Restassured.Assignment@3b084709]" name="assignmentTest" duration-ms="4844" started-at="2023-01-02T19:46:16 GMT" finished-at="2023-01-02T19:46:21 GMT">
          <reporter-output>
          </reporter-output>
        </test-method> <!-- assignmentTest -->
      </class> <!-- com.ApiFrameWork.Restassured.Assignment -->
    </test> <!-- C:/RestAssuredDec2022 -->
  </suite> <!-- All Test Suite -->
</testng-results>
